Arguments: 
  /Users/afinasfify/.nvm/versions/node/v15.8.0/bin/node /opt/homebrew/Cellar/yarn/1.22.17_2/libexec/bin/yarn.js

PATH: 
  /opt/homebrew/opt/node@14/bin:/opt/homebrew/opt/node@16/bin:/Users/afinasfify/.nvm/versions/node/v15.8.0/bin:/opt/homebrew/bin:/opt/homebrew/sbin:/usr/local/bin:/usr/bin:/bin:/usr/sbin:/sbin:/Library/Apple/usr/bin:/opt/homebrew/opt/node@14/bin:/opt/homebrew/opt/node@16/bin:/Users/afinasfify/.nvm/versions/node/v15.8.0/bin:/opt/homebrew/bin:/opt/homebrew/sbin:/Users/afinasfify/Library/Android/sdk/platform-tools:/Users/afinasfify/Library/Android/sdk/tools:/Users/afinasfify/Library/Android/sdk/tools/bin:/Users/afinasfify/Library/Android/sdk/emulator:/Users/afinasfify/Library/Android/sdk/platform-tools:/Users/afinasfify/Library/Android/sdk/tools:/Users/afinasfify/Library/Android/sdk/tools/bin:/Users/afinasfify/Library/Android/sdk/emulator

Yarn version: 
  1.22.17

Node version: 
  15.8.0

Platform: 
  darwin x64

Trace: 
  SyntaxError: /Users/afinasfify/Documents/AwesomeProject/package.json: Unexpected token } in JSON at position 374
      at JSON.parse (<anonymous>)
      at /opt/homebrew/Cellar/yarn/1.22.17_2/libexec/lib/cli.js:1625:59
      at Generator.next (<anonymous>)
      at step (/opt/homebrew/Cellar/yarn/1.22.17_2/libexec/lib/cli.js:310:30)
      at /opt/homebrew/Cellar/yarn/1.22.17_2/libexec/lib/cli.js:321:13

npm manifest: 
  {
    "name": "awesomeproject",
    "version": "1.0.0",
    "main": "node_modules/expo/AppEntry.js",
    "scripts": {
      "start": "expo start",
      "android": "expo start --android",
      "ios": "expo start --ios",
      "web": "expo start --web"
    },
    "dependencies": {
      "expo": "~47.0.12",
      "expo-status-bar": "~1.4.2",
      "react": "18.1.0",
      "react-native": "0.70.5",
    },
    "devDependencies": {
      "@babel/core": "^7.12.9"
    },
    "private": true
  }

yarn manifest: 
  No manifest

Lockfile: 
  No lockfile
